[2025-05-08 17:17:39] Received request - To: +916361557581, Message: URGENT: IV Bag is nearly empty! Final warning triggered. Please attend immediately.
[2025-05-08 17:17:39] Sending request to Twilio - URL: https://api.twilio.com/2010-04-01/Accounts/ACd0562d762f90fb280300df0fa07781c1/Messages.json
[2025-05-08 17:17:39] Request data: {"To":"+916361557581","From":"+16516503374","Body":"URGENT: IV Bag is nearly empty! Final warning triggered. Please attend immediately."}
[2025-05-08 17:17:39] Auth header: Basic QUNkMDU2MmQ3NjJmOTBmYjI4MDMwMGRmMGZhMDc3ODFjMTplMTg5ODE1OGFhNGFhYjA2Mzk1Y2RiMjk1Y2VhOTIyMg==
[2025-05-08 17:17:40] Response code: 201
[2025-05-08 17:17:40] Response body: {"account_sid": "ACd0562d762f90fb280300df0fa07781c1", "api_version": "2010-04-01", "body": "Sent from your Twilio trial account - URGENT: IV Bag is nearly empty! Final warning triggered. Please attend immediately.", "date_created": "Thu, 08 May 2025 15:17:38 +0000", "date_sent": null, "date_updated": "Thu, 08 May 2025 15:17:38 +0000", "direction": "outbound-api", "error_code": null, "error_message": null, "from": "+16516503374", "messaging_service_sid": null, "num_media": "0", "num_segments": "1", "price": null, "price_unit": "USD", "sid": "SM58e50fb8a8f7f9ec546949c7785b0e95", "status": "queued", "subresource_uris": {"media": "/2010-04-01/Accounts/ACd0562d762f90fb280300df0fa07781c1/Messages/SM58e50fb8a8f7f9ec546949c7785b0e95/Media.json"}, "to": "+916361557581", "uri": "/2010-04-01/Accounts/ACd0562d762f90fb280300df0fa07781c1/Messages/SM58e50fb8a8f7f9ec546949c7785b0e95.json"}
[2025-05-08 17:17:40] SMS sent successfully
[2025-05-08 17:20:19] Received request - To: +916361557581, Message: URGENT: IV Bag is nearly empty! Final warning triggered. Please attend immediately.
[2025-05-08 17:20:19] Sending request to Twilio - URL: https://api.twilio.com/2010-04-01/Accounts/ACd0562d762f90fb280300df0fa07781c1/Messages.json
[2025-05-08 17:20:19] Request data: {"To":"+916361557581","From":"+16516503374","Body":"URGENT: IV Bag is nearly empty! Final warning triggered. Please attend immediately."}
[2025-05-08 17:20:19] Auth header: Basic QUNkMDU2MmQ3NjJmOTBmYjI4MDMwMGRmMGZhMDc3ODFjMTplMTg5ODE1OGFhNGFhYjA2Mzk1Y2RiMjk1Y2VhOTIyMg==
[2025-05-08 17:20:20] Response code: 201
[2025-05-08 17:20:20] Response body: {"account_sid": "ACd0562d762f90fb280300df0fa07781c1", "api_version": "2010-04-01", "body": "Sent from your Twilio trial account - URGENT: IV Bag is nearly empty! Final warning triggered. Please attend immediately.", "date_created": "Thu, 08 May 2025 15:20:19 +0000", "date_sent": null, "date_updated": "Thu, 08 May 2025 15:20:19 +0000", "direction": "outbound-api", "error_code": null, "error_message": null, "from": "+16516503374", "messaging_service_sid": null, "num_media": "0", "num_segments": "1", "price": null, "price_unit": "USD", "sid": "SM77400c232feb8e7ec343154836ff2f4b", "status": "queued", "subresource_uris": {"media": "/2010-04-01/Accounts/ACd0562d762f90fb280300df0fa07781c1/Messages/SM77400c232feb8e7ec343154836ff2f4b/Media.json"}, "to": "+916361557581", "uri": "/2010-04-01/Accounts/ACd0562d762f90fb280300df0fa07781c1/Messages/SM77400c232feb8e7ec343154836ff2f4b.json"}
[2025-05-08 17:20:20] SMS sent successfully
[2025-05-08 17:20:33] Received request - To: +916361557581, Message: URGENT: IV Bag is nearly empty! Final warning triggered. Please attend immediately.
[2025-05-08 17:20:33] Sending request to Twilio - URL: https://api.twilio.com/2010-04-01/Accounts/ACd0562d762f90fb280300df0fa07781c1/Messages.json
[2025-05-08 17:20:33] Request data: {"To":"+916361557581","From":"+16516503374","Body":"URGENT: IV Bag is nearly empty! Final warning triggered. Please attend immediately."}
[2025-05-08 17:20:33] Auth header: Basic QUNkMDU2MmQ3NjJmOTBmYjI4MDMwMGRmMGZhMDc3ODFjMTplMTg5ODE1OGFhNGFhYjA2Mzk1Y2RiMjk1Y2VhOTIyMg==
[2025-05-08 17:20:34] Response code: 201
[2025-05-08 17:20:34] Response body: {"account_sid": "ACd0562d762f90fb280300df0fa07781c1", "api_version": "2010-04-01", "body": "Sent from your Twilio trial account - URGENT: IV Bag is nearly empty! Final warning triggered. Please attend immediately.", "date_created": "Thu, 08 May 2025 15:20:32 +0000", "date_sent": null, "date_updated": "Thu, 08 May 2025 15:20:32 +0000", "direction": "outbound-api", "error_code": null, "error_message": null, "from": "+16516503374", "messaging_service_sid": null, "num_media": "0", "num_segments": "1", "price": null, "price_unit": "USD", "sid": "SMb2243d8594fcdfd28c2430d99bb365c6", "status": "queued", "subresource_uris": {"media": "/2010-04-01/Accounts/ACd0562d762f90fb280300df0fa07781c1/Messages/SMb2243d8594fcdfd28c2430d99bb365c6/Media.json"}, "to": "+916361557581", "uri": "/2010-04-01/Accounts/ACd0562d762f90fb280300df0fa07781c1/Messages/SMb2243d8594fcdfd28c2430d99bb365c6.json"}
[2025-05-08 17:20:34] SMS sent successfully
[2025-05-08 17:23:13] Received request - To: +916361557581, Message: URGENT: IV Bag is nearly empty! Final warning triggered. Please attend immediately.
[2025-05-08 17:23:13] Sending request to Twilio - URL: https://api.twilio.com/2010-04-01/Accounts/ACd0562d762f90fb280300df0fa07781c1/Messages.json
[2025-05-08 17:23:13] Request data: {"To":"+916361557581","From":"+16516503374","Body":"URGENT: IV Bag is nearly empty! Final warning triggered. Please attend immediately."}
[2025-05-08 17:23:13] Auth header: Basic QUNkMDU2MmQ3NjJmOTBmYjI4MDMwMGRmMGZhMDc3ODFjMTplMTg5ODE1OGFhNGFhYjA2Mzk1Y2RiMjk1Y2VhOTIyMg==
[2025-05-08 17:23:14] Response code: 201
[2025-05-08 17:23:14] Response body: {"account_sid": "ACd0562d762f90fb280300df0fa07781c1", "api_version": "2010-04-01", "body": "Sent from your Twilio trial account - URGENT: IV Bag is nearly empty! Final warning triggered. Please attend immediately.", "date_created": "Thu, 08 May 2025 15:23:12 +0000", "date_sent": null, "date_updated": "Thu, 08 May 2025 15:23:12 +0000", "direction": "outbound-api", "error_code": null, "error_message": null, "from": "+16516503374", "messaging_service_sid": null, "num_media": "0", "num_segments": "1", "price": null, "price_unit": "USD", "sid": "SMa629ed1058803539853d5c948885504a", "status": "queued", "subresource_uris": {"media": "/2010-04-01/Accounts/ACd0562d762f90fb280300df0fa07781c1/Messages/SMa629ed1058803539853d5c948885504a/Media.json"}, "to": "+916361557581", "uri": "/2010-04-01/Accounts/ACd0562d762f90fb280300df0fa07781c1/Messages/SMa629ed1058803539853d5c948885504a.json"}
[2025-05-08 17:23:14] SMS sent successfully
